{
  "RSpec": {
    "coverage": {
      "/Users/nick/Turing/5mod/slyce/fe_slyce/app/models/application_record.rb": {
        "lines": [
          0,
          0,
          0
        ],
        "branches": {
        }
      },
      "/Users/nick/Turing/5mod/slyce/fe_slyce/app/controllers/application_controller.rb": {
        "lines": [
          0,
          0
        ],
        "branches": {
        }
      },
      "/Users/nick/Turing/5mod/slyce/fe_slyce/app/helpers/application_helper.rb": {
        "lines": [
          0,
          0
        ],
        "branches": {
        }
      }
    },
    "timestamp": 1664987449
  }
}
